<?xml version="1.0" encoding="UTF-8"?>
<!-- Generated by org.testng.reporters.JUnitReportReporter -->
<testsuite hostname="Cnu" failures="0" tests="4" name="com.TestNG.TestNGExample3" time="0.024" errors="0" timestamp="2023-01-06T10:56:25 IST" skipped="1">
  <testcase classname="com.TestNG.TestNGExample3" name="gmailInBoxTest" time="0.010"/>
  <system-out/>
  <testcase classname="com.TestNG.TestNGExample3" name="gmailSentMailTest" time="0.003"/>
  <system-out/>
  <testcase classname="com.TestNG.TestNGExample3" name="gamilDraftsTest" time="0.011"/>
  <system-out/>
  <testcase classname="com.TestNG.TestNGExample3" name="gmailComposeMailTest">
    <skipped/>
  </testcase> <!-- gmailComposeMailTest -->
  <system-out/>
</testsuite> <!-- com.TestNG.TestNGExample3 -->
