<?xml version="1.0" encoding="UTF-8"?>
<!-- Generated by org.testng.reporters.JUnitReportReporter -->
<testsuite hostname="Cnu" failures="0" tests="1" name="com.RadioButtonsTesting.RadioButton_Group1_Testing" time="30.824" errors="0" timestamp="2023-01-11T10:28:20 IST" skipped="0">
  <testcase classname="com.RadioButtonsTesting.RadioButton_Group1_Testing" name="radioButtonsTest" time="30.824"/>
  <system-out/>
</testsuite> <!-- com.RadioButtonsTesting.RadioButton_Group1_Testing -->
