<?xml version="1.0" encoding="UTF-8"?>
<!-- Generated by org.testng.reporters.JUnitReportReporter -->
<testsuite hostname="Cnu" failures="0" tests="6" name="com.OHMApplicationTesting.AddEmployeeTest" time="17.243" errors="0" timestamp="2023-01-10T10:36:42 IST" skipped="0">
  <testcase classname="com.OHMApplicationTesting.AddEmployeeTest" name="logInPageValidation" time="0.215"/>
  <system-out/>
  <testcase classname="com.OHMApplicationTesting.AddEmployeeTest" name="logInFuncationalityTest" time="2.693"/>
  <system-out/>
  <testcase classname="com.OHMApplicationTesting.AddEmployeeTest" name="OHRMApplicationHomePageValidation" time="0.544"/>
  <system-out/>
  <testcase classname="com.OHMApplicationTesting.AddEmployeeTest" name="pim" time="0.212"/>
  <system-out/>
  <testcase classname="com.OHMApplicationTesting.AddEmployeeTest" name="addEmployee" time="0.864"/>
  <system-out/>
  <testcase classname="com.OHMApplicationTesting.AddEmployeeTest" name="creatingNewEmployee" time="12.715"/>
  <system-out/>
</testsuite> <!-- com.OHMApplicationTesting.AddEmployeeTest -->
