<?xml version="1.0" encoding="UTF-8"?>
<!-- Generated by org.testng.reporters.JUnitReportReporter -->
<testsuite hostname="Cnu" failures="0" tests="4" name="com.TestNG.TestNGExample1" time="0.017" errors="0" timestamp="2023-01-06T10:16:34 IST" skipped="1">
  <testcase classname="com.TestNG.TestNGExample1" name="gmailApplicationLaunch" time="0.012"/>
  <system-out/>
  <testcase classname="com.TestNG.TestNGExample1" name="gmailInBoxTest" time="0.003"/>
  <system-out/>
  <testcase classname="com.TestNG.TestNGExample1" name="gmailSentMailTest" time="0.002"/>
  <system-out/>
  <testcase classname="com.TestNG.TestNGExample1" name="gmailComposeMailTest">
    <skipped/>
  </testcase> <!-- gmailComposeMailTest -->
  <system-out/>
</testsuite> <!-- com.TestNG.TestNGExample1 -->
