<?xml version="1.0" encoding="UTF-8"?>
<!-- Generated by org.testng.reporters.JUnitReportReporter -->
<testsuite hostname="Cnu" failures="0" tests="3" name="com.OHRMTestCases.OHRM_LogInTest" time="7.992" errors="0" timestamp="2023-01-18T10:47:39 IST" skipped="0">
  <testcase classname="com.OHRMTestCases.OHRM_LogInTest" name="logInPageValidation" time="0.193"/>
  <system-out/>
  <testcase classname="com.OHRMTestCases.OHRM_LogInTest" name="logInFuncationalityTest" time="4.865"/>
  <system-out/>
  <testcase classname="com.OHRMTestCases.OHRM_LogInTest" name="OHRMApplicationHomePageValidation" time="2.934"/>
  <system-out/>
</testsuite> <!-- com.OHRMTestCases.OHRM_LogInTest -->
