<?xml version="1.0" encoding="UTF-8"?>
<!-- Generated by org.testng.reporters.JUnitReportReporter -->
<testsuite hostname="Cnu" failures="0" tests="7" name="com.OHRMTestCases.AddEmployee" time="26.070" errors="0" timestamp="2023-01-18T10:49:46 IST" skipped="0">
  <testcase classname="com.OHRMTestCases.AddEmployee" name="logInPageValidation" time="0.139"/>
  <system-out/>
  <testcase classname="com.OHRMTestCases.AddEmployee" name="logInFuncationalityTest" time="4.404"/>
  <system-out/>
  <testcase classname="com.OHRMTestCases.AddEmployee" name="OHRMApplicationHomePageValidation" time="0.240"/>
  <system-out/>
  <testcase classname="com.OHRMTestCases.AddEmployee" name="pim" time="0.177"/>
  <system-out/>
  <testcase classname="com.OHRMTestCases.AddEmployee" name="addEmployee" time="0.895"/>
  <system-out/>
  <testcase classname="com.OHRMTestCases.AddEmployee" name="creatingNewEmployee" time="13.774"/>
  <system-out/>
  <testcase classname="com.OHRMTestCases.AddEmployee" name="logOutTest" time="6.441"/>
  <system-out/>
</testsuite> <!-- com.OHRMTestCases.AddEmployee -->
