<?xml version="1.0" encoding="UTF-8"?>
<!-- Generated by org.testng.reporters.JUnitReportReporter -->
<testsuite hostname="Cnu" failures="0" tests="3" name="com.OrangeHRMApplicationPagesTest.OrangeHRMLogInPageTest" time="18.892" errors="0" timestamp="2023-01-26T10:00:16 IST" skipped="0">
  <testcase classname="com.OrangeHRMApplicationPagesTest.OrangeHRMLogInPageTest" name="logInPanelTextValidationTest" time="5.039"/>
  <system-out/>
  <testcase classname="com.OrangeHRMApplicationPagesTest.OrangeHRMLogInPageTest" name="logInTest" time="7.456"/>
  <system-out/>
  <testcase classname="com.OrangeHRMApplicationPagesTest.OrangeHRMLogInPageTest" name="OrangeHRMLogoValidationTest" time="6.397"/>
  <system-out/>
</testsuite> <!-- com.OrangeHRMApplicationPagesTest.OrangeHRMLogInPageTest -->
