<?xml version="1.0" encoding="UTF-8"?>
<!-- Generated by org.testng.reporters.JUnitReportReporter -->
<testsuite hostname="Cnu" failures="0" tests="2" name="com.OrangeHRMApplicationTestCases.LoginTest" time="49.529" errors="0" timestamp="2023-01-23T10:14:26 IST" skipped="0">
  <testcase classname="com.OrangeHRMApplicationTestCases.LoginTest" name="validateLoginPageTest" time="2.023"/>
  <system-out/>
  <testcase classname="com.OrangeHRMApplicationTestCases.LoginTest" name="loginFunctionalityTest" time="47.506"/>
  <system-out/>
</testsuite> <!-- com.OrangeHRMApplicationTestCases.LoginTest -->
